<?xml version="1.0" encoding="UTF-8"?>

<beans xmlns="http://www.springframework.org/schema/beans"
       xmlns:xsi="http://www.w3.org/2001/XMLSchema-instance"
       xsi:schemaLocation="http://www.springframework.org/schema/beans
        http://www.springframework.org/schema/beans/spring-beans-2.5.xsd">

    <!-- the test application context definition for the jdbc based tests -->

    <bean id="productDao" class="net.therap.SimpleInventory.dao.JdbcProductDao">
        <property name="dataSource" ref="dataSource" />
    </bean>

    <bean id="dataSource" destroy-method="close"
          class="org.apache.commons.dbcp.BasicDataSource">
        <property name="driverClassName" value="com.mysql.jdbc.Driver"/>
        <property name="url" value="jdbc:mysql://localhost/inventoryDb"/>
        <property name="username" value="root"/>
        <property name="password" value="therap"/>
        <property name="initialSize" value="5"/>
        <property name="maxActive" value="10"/>
    </bean>

    <bean id="transactionManager"
          class="org.springframework.jdbc.datasource.DataSourceTransactionManager">
        <property name="dataSource" ref="dataSource" />
    </bean>

</beans>